<?xml version="1.0" encoding="UTF-8"?>
<!-- Generated by org.testng.reporters.JUnitReportReporter -->
<testsuite hostname="Devi" failures="0" tests="2" name="com.testscenarios.FB_Login" time="41.358" errors="0" timestamp="17 Oct 2020 00:59:06 GMT" skipped="0">
  <testcase classname="com.testscenarios.FB_Login" name="TC_001" time="35.815"/>
  <testcase classname="com.testscenarios.FB_Login" name="TC_002" time="5.543"/>
</testsuite> <!-- com.testscenarios.FB_Login -->
