<?xml version="1.0" encoding="UTF-8"?>
<!-- Generated by org.testng.reporters.JUnitReportReporter -->
<testsuite skipped="0" hostname="LAPTOP-8N6FEN18" name="com.testscenarios.ShearCircle_ScrollDown" tests="1" failures="0" timestamp="2020-10-16T07:00:51 IST" time="8.093" errors="0">
  <testcase name="TC_001" time="8.093" classname="com.testscenarios.ShearCircle_ScrollDown"/>
  <system-out/>
</testsuite> <!-- com.testscenarios.ShearCircle_ScrollDown -->
